{"time":"2024-11-12T10:45:59.488091+07:00","level":"INFO","msg":"Request incomming","path":"/ping","method":"GET","message":""}
{"time":"2024-11-12T10:45:59.499609+07:00","level":"INFO","msg":"Request incomming","path":"/","method":"GET","message":""}
{"time":"2024-11-12T03:57:39.210760259Z","level":"INFO","msg":"Request incomming","path":"/ping","method":"GET","message":""}
{"time":"2024-11-12T03:57:39.221287468Z","level":"INFO","msg":"Request incomming","path":"/","method":"GET","message":""}
{"time":"2024-11-12T03:57:51.396691126Z","level":"INFO","msg":"Request incomming","path":"/ping","method":"GET","message":""}
{"time":"2024-11-12T03:57:51.409113251Z","level":"INFO","msg":"Request incomming","path":"/","method":"GET","message":""}
{"time":"2024-11-12T03:57:53.417884085Z","level":"INFO","msg":"Request incomming","path":"/ping","method":"GET","message":""}
{"time":"2024-11-12T03:57:53.431944252Z","level":"INFO","msg":"Request incomming","path":"/","method":"GET","message":""}
{"time":"2024-11-12T04:02:56.657244753Z","level":"INFO","msg":"Request incomming","path":"/","method":"GET","message":""}
{"time":"2024-11-12T04:02:56.74049342Z","level":"INFO","msg":"Request incomming","path":"/favicon.ico","method":"GET","message":""}
{"time":"2024-11-12T04:06:22.231944043Z","level":"INFO","msg":"Request incomming","path":"/","method":"GET","message":""}
{"time":"2024-11-12T04:06:22.419838168Z","level":"INFO","msg":"Request incomming","path":"/favicon.ico","method":"GET","message":""}
{"time":"2024-11-12T04:06:22.665862501Z","level":"INFO","msg":"Request incomming","path":"/","method":"GET","message":""}
{"time":"2024-11-12T04:06:22.739071585Z","level":"INFO","msg":"Request incomming","path":"/favicon.ico","method":"GET","message":""}
{"time":"2024-11-12T04:06:22.848014251Z","level":"INFO","msg":"Request incomming","path":"/","method":"GET","message":""}
{"time":"2024-11-12T04:06:22.905911251Z","level":"INFO","msg":"Request incomming","path":"/favicon.ico","method":"GET","message":""}
{"time":"2024-11-12T04:06:23.00630471Z","level":"INFO","msg":"Request incomming","path":"/","method":"GET","message":""}
{"time":"2024-11-12T04:06:23.069220168Z","level":"INFO","msg":"Request incomming","path":"/favicon.ico","method":"GET","message":""}
{"time":"2024-11-12T04:06:23.135454501Z","level":"INFO","msg":"Request incomming","path":"/","method":"GET","message":""}
{"time":"2024-11-12T04:06:23.197945585Z","level":"INFO","msg":"Request incomming","path":"/favicon.ico","method":"GET","message":""}
{"time":"2024-11-12T04:06:23.295979752Z","level":"INFO","msg":"Request incomming","path":"/","method":"GET","message":""}
{"time":"2024-11-12T04:06:23.359121793Z","level":"INFO","msg":"Request incomming","path":"/favicon.ico","method":"GET","message":""}
{"time":"2024-11-12T04:06:23.451810877Z","level":"INFO","msg":"Request incomming","path":"/","method":"GET","message":""}
{"time":"2024-11-12T04:06:23.517922502Z","level":"INFO","msg":"Request incomming","path":"/favicon.ico","method":"GET","message":""}
{"time":"2024-11-12T04:09:46.221575971Z","level":"INFO","msg":"Request incomming","path":"/","method":"GET","message":""}
{"time":"2024-11-12T04:09:46.300018262Z","level":"INFO","msg":"Request incomming","path":"/favicon.ico","method":"GET","message":""}
{"time":"2024-11-12T04:09:46.663836513Z","level":"INFO","msg":"Request incomming","path":"/","method":"GET","message":""}
{"time":"2024-11-12T04:09:46.742787971Z","level":"INFO","msg":"Request incomming","path":"/favicon.ico","method":"GET","message":""}
{"time":"2024-11-12T04:09:46.860984096Z","level":"INFO","msg":"Request incomming","path":"/","method":"GET","message":""}
{"time":"2024-11-12T04:09:46.930726054Z","level":"INFO","msg":"Request incomming","path":"/favicon.ico","method":"GET","message":""}
{"time":"2024-11-12T04:09:47.016254929Z","level":"INFO","msg":"Request incomming","path":"/","method":"GET","message":""}
{"time":"2024-11-12T04:09:47.079163971Z","level":"INFO","msg":"Request incomming","path":"/favicon.ico","method":"GET","message":""}
{"time":"2024-11-12T04:09:47.175020305Z","level":"INFO","msg":"Request incomming","path":"/","method":"GET","message":""}
{"time":"2024-11-12T04:09:47.238859763Z","level":"INFO","msg":"Request incomming","path":"/favicon.ico","method":"GET","message":""}
{"time":"2024-11-12T04:09:47.324309305Z","level":"INFO","msg":"Request incomming","path":"/","method":"GET","message":""}
{"time":"2024-11-12T04:09:47.390574805Z","level":"INFO","msg":"Request incomming","path":"/favicon.ico","method":"GET","message":""}
{"time":"2024-11-12T04:09:47.560882763Z","level":"INFO","msg":"Request incomming","path":"/","method":"GET","message":""}
{"time":"2024-11-12T04:09:47.629859388Z","level":"INFO","msg":"Request incomming","path":"/favicon.ico","method":"GET","message":""}
{"time":"2024-11-12T04:12:30.645997005Z","level":"INFO","msg":"Request incomming","path":"/","method":"GET","message":""}
{"time":"2024-11-12T04:12:30.828257755Z","level":"INFO","msg":"Request incomming","path":"/favicon.ico","method":"GET","message":""}
{"time":"2024-11-12T04:12:38.154116842Z","level":"INFO","msg":"Request incomming","path":"/","method":"GET","message":""}
{"time":"2024-11-12T04:12:38.251216675Z","level":"INFO","msg":"Request incomming","path":"/favicon.ico","method":"GET","message":""}
{"time":"2024-11-12T04:12:38.612920467Z","level":"INFO","msg":"Request incomming","path":"/","method":"GET","message":""}
{"time":"2024-11-12T04:12:38.695361134Z","level":"INFO","msg":"Request incomming","path":"/favicon.ico","method":"GET","message":""}
{"time":"2024-11-12T04:12:38.790146259Z","level":"INFO","msg":"Request incomming","path":"/","method":"GET","message":""}
{"time":"2024-11-12T04:12:38.849807342Z","level":"INFO","msg":"Request incomming","path":"/favicon.ico","method":"GET","message":""}
{"time":"2024-11-12T04:12:38.922798884Z","level":"INFO","msg":"Request incomming","path":"/","method":"GET","message":""}
{"time":"2024-11-12T04:12:38.980679676Z","level":"INFO","msg":"Request incomming","path":"/favicon.ico","method":"GET","message":""}
{"time":"2024-11-12T04:12:39.088832967Z","level":"INFO","msg":"Request incomming","path":"/","method":"GET","message":""}
{"time":"2024-11-12T04:12:39.155137426Z","level":"INFO","msg":"Request incomming","path":"/favicon.ico","method":"GET","message":""}
{"time":"2024-11-12T04:12:39.256007467Z","level":"INFO","msg":"Request incomming","path":"/","method":"GET","message":""}
{"time":"2024-11-12T04:12:39.322614092Z","level":"INFO","msg":"Request incomming","path":"/favicon.ico","method":"GET","message":""}
{"time":"2024-11-12T04:16:01.849763839Z","level":"INFO","msg":"Request incomming","path":"/","method":"GET","message":""}
{"time":"2024-11-12T04:16:02.043726381Z","level":"INFO","msg":"Request incomming","path":"/favicon.ico","method":"GET","message":""}
{"time":"2024-11-12T04:16:02.293475256Z","level":"INFO","msg":"Request incomming","path":"/","method":"GET","message":""}
{"time":"2024-11-12T04:16:02.367278964Z","level":"INFO","msg":"Request incomming","path":"/favicon.ico","method":"GET","message":""}
{"time":"2024-11-12T04:16:02.474249839Z","level":"INFO","msg":"Request incomming","path":"/","method":"GET","message":""}
{"time":"2024-11-12T04:16:02.537397256Z","level":"INFO","msg":"Request incomming","path":"/favicon.ico","method":"GET","message":""}
{"time":"2024-11-12T04:16:02.633162131Z","level":"INFO","msg":"Request incomming","path":"/","method":"GET","message":""}
{"time":"2024-11-12T04:16:02.695319881Z","level":"INFO","msg":"Request incomming","path":"/favicon.ico","method":"GET","message":""}
{"time":"2024-11-12T04:18:57.794265379Z","level":"INFO","msg":"Request incomming","path":"/ping","method":"GET","message":""}
{"time":"2024-11-12T04:18:57.989727004Z","level":"INFO","msg":"Request incomming","path":"/favicon.ico","method":"GET","message":""}
{"time":"2024-11-12T04:18:58.289902545Z","level":"INFO","msg":"Request incomming","path":"/ping","method":"GET","message":""}
{"time":"2024-11-12T04:18:58.370624962Z","level":"INFO","msg":"Request incomming","path":"/favicon.ico","method":"GET","message":""}
{"time":"2024-11-12T04:18:58.474819879Z","level":"INFO","msg":"Request incomming","path":"/ping","method":"GET","message":""}
{"time":"2024-11-12T04:18:58.535831212Z","level":"INFO","msg":"Request incomming","path":"/favicon.ico","method":"GET","message":""}
{"time":"2024-11-12T04:18:58.641033921Z","level":"INFO","msg":"Request incomming","path":"/ping","method":"GET","message":""}
{"time":"2024-11-12T04:18:58.705106296Z","level":"INFO","msg":"Request incomming","path":"/favicon.ico","method":"GET","message":""}
{"time":"2024-11-12T04:18:58.798637671Z","level":"INFO","msg":"Request incomming","path":"/ping","method":"GET","message":""}
{"time":"2024-11-12T04:18:58.859622462Z","level":"INFO","msg":"Request incomming","path":"/favicon.ico","method":"GET","message":""}
{"time":"2024-11-12T04:19:03.494569673Z","level":"INFO","msg":"Request incomming","path":"/","method":"GET","message":""}
{"time":"2024-11-12T04:19:03.57588434Z","level":"INFO","msg":"Request incomming","path":"/favicon.ico","method":"GET","message":""}
{"time":"2024-11-12T04:19:03.895353798Z","level":"INFO","msg":"Request incomming","path":"/","method":"GET","message":""}
{"time":"2024-11-12T04:19:03.972604423Z","level":"INFO","msg":"Request incomming","path":"/favicon.ico","method":"GET","message":""}
